Compiling the C compiler identification source file "CMakeCCompilerId.c" failed.
Compiler: C:/Program Files (x86)/Microsoft Visual Studio/2019/Community/VC/Tools/MSVC/14.28.29333/bin/Hostx86/x86/cl.exe 
Build flags: /DWIN32;/D_WINDOWS
Id flags:  

The output was:
系统找不到指定的文件。


Compiling the C compiler identification source file "CMakeCCompilerId.c" failed.
Compiler: C:/Program Files (x86)/Microsoft Visual Studio/2019/Community/VC/Tools/MSVC/14.28.29333/bin/Hostx86/x86/cl.exe 
Build flags: /DWIN32;/D_WINDOWS
Id flags: -c 

The output was:
系统找不到指定的文件。


Compiling the C compiler identification source file "CMakeCCompilerId.c" failed.
Compiler: C:/Program Files (x86)/Microsoft Visual Studio/2019/Community/VC/Tools/MSVC/14.28.29333/bin/Hostx86/x86/cl.exe 
Build flags: /DWIN32;/D_WINDOWS
Id flags: -Aa 

The output was:
系统找不到指定的文件。


Compiling the C compiler identification source file "CMakeCCompilerId.c" failed.
Compiler: C:/Program Files (x86)/Microsoft Visual Studio/2019/Community/VC/Tools/MSVC/14.28.29333/bin/Hostx86/x86/cl.exe 
Build flags: /DWIN32;/D_WINDOWS
Id flags: -D__CLASSIC_C__ 

The output was:
系统找不到指定的文件。


Compiling the C compiler identification source file "CMakeCCompilerId.c" failed.
Compiler: C:/Program Files (x86)/Microsoft Visual Studio/2019/Community/VC/Tools/MSVC/14.28.29333/bin/Hostx86/x86/cl.exe 
Build flags: /DWIN32;/D_WINDOWS
Id flags: --target=arm-arm-none-eabi;-mcpu=cortex-m3 

The output was:
系统找不到指定的文件。


Compiling the C compiler identification source file "CMakeCCompilerId.c" failed.
Compiler: C:/Program Files (x86)/Microsoft Visual Studio/2019/Community/VC/Tools/MSVC/14.28.29333/bin/Hostx86/x86/cl.exe 
Build flags: 
Id flags:  

The output was:
系统找不到指定的文件。


Compiling the C compiler identification source file "CMakeCCompilerId.c" failed.
Compiler: C:/Program Files (x86)/Microsoft Visual Studio/2019/Community/VC/Tools/MSVC/14.28.29333/bin/Hostx86/x86/cl.exe 
Build flags: 
Id flags: -c 

The output was:
系统找不到指定的文件。


Compiling the C compiler identification source file "CMakeCCompilerId.c" failed.
Compiler: C:/Program Files (x86)/Microsoft Visual Studio/2019/Community/VC/Tools/MSVC/14.28.29333/bin/Hostx86/x86/cl.exe 
Build flags: 
Id flags: -Aa 

The output was:
系统找不到指定的文件。


Compiling the C compiler identification source file "CMakeCCompilerId.c" failed.
Compiler: C:/Program Files (x86)/Microsoft Visual Studio/2019/Community/VC/Tools/MSVC/14.28.29333/bin/Hostx86/x86/cl.exe 
Build flags: 
Id flags: -D__CLASSIC_C__ 

The output was:
系统找不到指定的文件。


Compiling the C compiler identification source file "CMakeCCompilerId.c" failed.
Compiler: C:/Program Files (x86)/Microsoft Visual Studio/2019/Community/VC/Tools/MSVC/14.28.29333/bin/Hostx86/x86/cl.exe 
Build flags: 
Id flags: --target=arm-arm-none-eabi;-mcpu=cortex-m3 

The output was:
系统找不到指定的文件。


Checking whether the C compiler is IAR using "" did not match "IAR .+ Compiler":
Checking whether the C compiler is IAR using "" did not match "IAR .+ Compiler":
Compiling the CXX compiler identification source file "CMakeCXXCompilerId.cpp" failed.
Compiler: C:/Program Files (x86)/Microsoft Visual Studio/2019/Community/VC/Tools/MSVC/14.28.29333/bin/Hostx86/x86/cl.exe 
Build flags: /DWIN32;/D_WINDOWS;/GR;/EHsc
Id flags:  

The output was:
系统找不到指定的文件。


Compiling the CXX compiler identification source file "CMakeCXXCompilerId.cpp" failed.
Compiler: C:/Program Files (x86)/Microsoft Visual Studio/2019/Community/VC/Tools/MSVC/14.28.29333/bin/Hostx86/x86/cl.exe 
Build flags: /DWIN32;/D_WINDOWS;/GR;/EHsc
Id flags: -c 

The output was:
系统找不到指定的文件。


Compiling the CXX compiler identification source file "CMakeCXXCompilerId.cpp" failed.
Compiler: C:/Program Files (x86)/Microsoft Visual Studio/2019/Community/VC/Tools/MSVC/14.28.29333/bin/Hostx86/x86/cl.exe 
Build flags: /DWIN32;/D_WINDOWS;/GR;/EHsc
Id flags: --c++ 

The output was:
系统找不到指定的文件。


Compiling the CXX compiler identification source file "CMakeCXXCompilerId.cpp" failed.
Compiler: C:/Program Files (x86)/Microsoft Visual Studio/2019/Community/VC/Tools/MSVC/14.28.29333/bin/Hostx86/x86/cl.exe 
Build flags: /DWIN32;/D_WINDOWS;/GR;/EHsc
Id flags: --ec++ 

The output was:
系统找不到指定的文件。


Compiling the CXX compiler identification source file "CMakeCXXCompilerId.cpp" failed.
Compiler: C:/Program Files (x86)/Microsoft Visual Studio/2019/Community/VC/Tools/MSVC/14.28.29333/bin/Hostx86/x86/cl.exe 
Build flags: /DWIN32;/D_WINDOWS;/GR;/EHsc
Id flags: --target=arm-arm-none-eabi;-mcpu=cortex-m3 

The output was:
系统找不到指定的文件。


Compiling the CXX compiler identification source file "CMakeCXXCompilerId.cpp" failed.
Compiler: C:/Program Files (x86)/Microsoft Visual Studio/2019/Community/VC/Tools/MSVC/14.28.29333/bin/Hostx86/x86/cl.exe 
Build flags: 
Id flags:  

The output was:
系统找不到指定的文件。


Compiling the CXX compiler identification source file "CMakeCXXCompilerId.cpp" failed.
Compiler: C:/Program Files (x86)/Microsoft Visual Studio/2019/Community/VC/Tools/MSVC/14.28.29333/bin/Hostx86/x86/cl.exe 
Build flags: 
Id flags: -c 

The output was:
系统找不到指定的文件。


Compiling the CXX compiler identification source file "CMakeCXXCompilerId.cpp" failed.
Compiler: C:/Program Files (x86)/Microsoft Visual Studio/2019/Community/VC/Tools/MSVC/14.28.29333/bin/Hostx86/x86/cl.exe 
Build flags: 
Id flags: --c++ 

The output was:
系统找不到指定的文件。


Compiling the CXX compiler identification source file "CMakeCXXCompilerId.cpp" failed.
Compiler: C:/Program Files (x86)/Microsoft Visual Studio/2019/Community/VC/Tools/MSVC/14.28.29333/bin/Hostx86/x86/cl.exe 
Build flags: 
Id flags: --ec++ 

The output was:
系统找不到指定的文件。


Compiling the CXX compiler identification source file "CMakeCXXCompilerId.cpp" failed.
Compiler: C:/Program Files (x86)/Microsoft Visual Studio/2019/Community/VC/Tools/MSVC/14.28.29333/bin/Hostx86/x86/cl.exe 
Build flags: 
Id flags: --target=arm-arm-none-eabi;-mcpu=cortex-m3 

The output was:
系统找不到指定的文件。


Checking whether the CXX compiler is IAR using "" did not match "IAR .+ Compiler":
Checking whether the CXX compiler is IAR using "" did not match "IAR .+ Compiler":
